<?xml version="1.0" encoding="UTF-8"?>
<!-- Generated by org.testng.reporters.JUnitReportReporter -->
<testsuite hostname="RAHUL" failures="0" tests="1" name="seleniumAnalyticalCodes.HeadlessBrowsers" time="2.103" errors="0" timestamp="2024-09-22T14:29:33 IST" skipped="0">
  <testcase classname="seleniumAnalyticalCodes.HeadlessBrowsers" name="htmlUnitDriver1" time="2.103"/>
</testsuite> <!-- seleniumAnalyticalCodes.HeadlessBrowsers -->
