<?xml version="1.0" encoding="UTF-8"?>
<!-- Generated by org.testng.reporters.JUnitReportReporter -->
<testsuite hostname="RAHUL" failures="0" tests="4" name="testNG.TestPriorityClass" time="0.011" errors="0" timestamp="2024-09-16T16:39:22 IST" skipped="0">
  <testcase classname="testNG.TestPriorityClass" name="login" time="0.008"/>
  <testcase classname="testNG.TestPriorityClass" name="verifyTaskCreation" time="0.000"/>
  <testcase classname="testNG.TestPriorityClass" name="logout" time="0.001"/>
  <testcase classname="testNG.TestPriorityClass" name="createTask" time="0.002"/>
</testsuite> <!-- testNG.TestPriorityClass -->
