<?xml version="1.0" encoding="UTF-8"?>
<!-- Generated by org.testng.reporters.JUnitReportReporter -->
<testsuite hostname="RAHUL" failures="0" tests="1" name="testNG2.WriteTitleofThePageIntoExcelSheetOnDifferentExcelFile" time="5.142" errors="0" timestamp="2024-07-31T15:28:45 IST" skipped="0">
  <testcase classname="testNG2.WriteTitleofThePageIntoExcelSheetOnDifferentExcelFile" name="method2" time="5.142"/>
</testsuite> <!-- testNG2.WriteTitleofThePageIntoExcelSheetOnDifferentExcelFile -->
