<?xml version="1.0" encoding="UTF-8"?>
<!-- Generated by org.testng.reporters.JUnitReportReporter -->
<testsuite hostname="RAHUL" failures="0" tests="4" name="seleniumProject.DataProvider1" time="0.015" errors="0" timestamp="2024-07-09T11:43:39 IST" skipped="0">
  <testcase classname="seleniumProject.DataProvider1" name="m1" time="0.001"/>
  <testcase classname="seleniumProject.DataProvider1" name="m1" time="0.002"/>
  <testcase classname="seleniumProject.DataProvider1" name="m1" time="0.001"/>
  <testcase classname="seleniumProject.DataProvider1" name="m1" time="0.011"/>
</testsuite> <!-- seleniumProject.DataProvider1 -->
