<?xml version="1.0" encoding="UTF-8"?>
<!-- Generated by org.testng.reporters.JUnitReportReporter -->
<testsuite hostname="RAHUL" failures="0" tests="4" name="testNG3.ParallelExecutionClass2" time="9.348" errors="0" timestamp="2024-08-24T01:08:32 IST" skipped="0">
  <testcase classname="testNG3.ParallelExecutionClass2" name="testCaseGmail" time="2.106"/>
  <testcase classname="testNG3.ParallelExecutionClass2" name="testCaseYoutube" time="3.941"/>
  <testcase classname="testNG3.ParallelExecutionClass2" name="testCaseFB" time="1.353"/>
  <testcase classname="testNG3.ParallelExecutionClass2" name="testCaseGoogle" time="1.948"/>
</testsuite> <!-- testNG3.ParallelExecutionClass2 -->
