<?xml version="1.0" encoding="UTF-8"?>
<!-- Generated by org.testng.reporters.JUnitReportReporter -->
<testsuite hostname="RAHUL" failures="0" tests="3" name="javaLanguage.BoxingAndUnBoxing" time="0.019" errors="0" timestamp="2024-09-23T17:11:46 IST" skipped="0">
  <testcase classname="javaLanguage.BoxingAndUnBoxing" name="boxing" time="0.016"/>
  <system-out/>
  <testcase classname="javaLanguage.BoxingAndUnBoxing" name="unBoxingManual" time="0.002"/>
  <system-out/>
  <testcase classname="javaLanguage.BoxingAndUnBoxing" name="autoUnboxing" time="0.001"/>
  <system-out/>
</testsuite> <!-- javaLanguage.BoxingAndUnBoxing -->
