<?xml version="1.0" encoding="UTF-8"?>
<!-- Generated by org.testng.reporters.JUnitReportReporter -->
<testsuite hostname="RAHUL" failures="0" tests="1" name="testNG2.ReadDataFromExcel_VariableIndexedSize" time="0.817" errors="0" timestamp="2024-07-31T11:19:02 IST" skipped="0">
  <testcase classname="testNG2.ReadDataFromExcel_VariableIndexedSize" name="method1" time="0.817"/>
</testsuite> <!-- testNG2.ReadDataFromExcel_VariableIndexedSize -->
