<?xml version="1.0" encoding="UTF-8"?>
<!-- Generated by org.testng.reporters.JUnitReportReporter -->
<testsuite hostname="RAHUL" failures="0" tests="1" name="testNG2.asdfsafsafdsfd" time="4.590" errors="0" timestamp="2024-07-31T22:29:24 IST" skipped="0">
  <testcase classname="testNG2.asdfsafsafdsfd" name="method1" time="4.590"/>
</testsuite> <!-- testNG2.asdfsafsafdsfd -->
