<?xml version="1.0" encoding="UTF-8"?>
<!-- Generated by org.testng.reporters.JUnitReportReporter -->
<testsuite hostname="RAHUL" failures="0" tests="5" name="testNG.RegularExpressionsGroups" time="0.013" errors="0" timestamp="2024-07-30T02:07:16 IST" skipped="0">
  <testcase classname="testNG.RegularExpressionsGroups" name="method4" time="0.001"/>
  <testcase classname="testNG.RegularExpressionsGroups" name="method1" time="0.008"/>
  <testcase classname="testNG.RegularExpressionsGroups" name="method2" time="0.001"/>
  <testcase classname="testNG.RegularExpressionsGroups" name="method10" time="0.001"/>
  <testcase classname="testNG.RegularExpressionsGroups" name="method3" time="0.002"/>
</testsuite> <!-- testNG.RegularExpressionsGroups -->
