<?xml version="1.0" encoding="UTF-8"?>
<!-- Generated by org.testng.reporters.JUnitReportReporter -->
<testsuite hostname="RAHUL" failures="0" tests="2" name="testNG.ParameterAtSuiteLevelAndTestLevel" time="0.230" errors="0" timestamp="2024-07-30T00:55:33 IST" skipped="0">
  <testcase classname="testNG.ParameterAtSuiteLevelAndTestLevel" name="testCase1" time="0.118"/>
  <testcase classname="testNG.ParameterAtSuiteLevelAndTestLevel" name="testCase1" time="0.112"/>
</testsuite> <!-- testNG.ParameterAtSuiteLevelAndTestLevel -->
