<?xml version="1.0" encoding="UTF-8"?>
<!-- Generated by org.testng.reporters.JUnitReportReporter -->
<testsuite hostname="RAHUL" failures="0" tests="1" name="testNG2.WriteTitleofThePageIntoExcelSheet" time="4.986" errors="0" timestamp="2024-07-31T14:22:59 IST" skipped="0">
  <testcase classname="testNG2.WriteTitleofThePageIntoExcelSheet" name="method1" time="4.986"/>
</testsuite> <!-- testNG2.WriteTitleofThePageIntoExcelSheet -->
