<?xml version="1.0" encoding="UTF-8"?>
<!-- Generated by org.testng.reporters.JUnitReportReporter -->
<testsuite hostname="RAHUL" failures="0" tests="10" name="testNG3.GroupsClass1" time="0.005" errors="0" timestamp="2024-08-24T00:03:01 IST" skipped="0">
  <testcase classname="testNG3.GroupsClass1" name="testCase9" time="0.000"/>
  <testcase classname="testNG3.GroupsClass1" name="testCase4" time="0.001"/>
  <testcase classname="testNG3.GroupsClass1" name="testCase2" time="0.000"/>
  <testcase classname="testNG3.GroupsClass1" name="testCase1" time="0.000"/>
  <testcase classname="testNG3.GroupsClass1" name="testCase7" time="0.001"/>
  <testcase classname="testNG3.GroupsClass1" name="testCase3" time="0.001"/>
  <testcase classname="testNG3.GroupsClass1" name="testCase10" time="0.001"/>
  <testcase classname="testNG3.GroupsClass1" name="testCase8" time="0.000"/>
  <testcase classname="testNG3.GroupsClass1" name="testCase5" time="0.000"/>
  <testcase classname="testNG3.GroupsClass1" name="testCase6" time="0.001"/>
</testsuite> <!-- testNG3.GroupsClass1 -->
