<?xml version="1.0" encoding="UTF-8"?>
<!-- Generated by org.testng.reporters.JUnitReportReporter -->
<testsuite hostname="RAHUL" failures="0" tests="1" name="seleniumAnalyticalCodes.ReadDataFromPropertyFile" time="0.010" errors="0" timestamp="2024-09-23T13:05:22 IST" skipped="0">
  <testcase classname="seleniumAnalyticalCodes.ReadDataFromPropertyFile" name="m1" time="0.010"/>
  <system-out/>
</testsuite> <!-- seleniumAnalyticalCodes.ReadDataFromPropertyFile -->
