<?xml version="1.0" encoding="UTF-8"?>
<!-- Generated by org.testng.reporters.JUnitReportReporter -->
<testsuite hostname="RAHUL" failures="0" tests="2" name="testNG.DataProviderClass1" time="4.892" errors="0" timestamp="2024-08-23T22:28:15 IST" skipped="0">
  <testcase classname="testNG.DataProviderClass1" name="method1" time="2.427"/>
  <testcase classname="testNG.DataProviderClass1" name="method1" time="2.465"/>
</testsuite> <!-- testNG.DataProviderClass1 -->
