<?xml version="1.0" encoding="UTF-8"?>
<!-- Generated by org.testng.reporters.JUnitReportReporter -->
<testsuite hostname="RAHUL" failures="0" tests="2" name="testNG.InvocationCount_InvocationTimeOut_ThreadPoolSize" time="10.030" errors="0" timestamp="2024-07-30T13:01:26 IST" skipped="0">
  <testcase classname="testNG.InvocationCount_InvocationTimeOut_ThreadPoolSize" name="method1" time="5.015"/>
  <testcase classname="testNG.InvocationCount_InvocationTimeOut_ThreadPoolSize" name="method1" time="5.015"/>
</testsuite> <!-- testNG.InvocationCount_InvocationTimeOut_ThreadPoolSize -->
