<?xml version="1.0" encoding="UTF-8"?>
<!-- Generated by org.testng.reporters.JUnitReportReporter -->
<testsuite hostname="RAHUL" failures="0" tests="1" name="seleniumAnalyticalCodes.NavigationCommands" time="25.873" errors="0" timestamp="2024-08-09T12:38:19 IST" skipped="0">
  <testcase classname="seleniumAnalyticalCodes.NavigationCommands" name="method1" time="25.873"/>
</testsuite> <!-- seleniumAnalyticalCodes.NavigationCommands -->
