<?xml version="1.0" encoding="UTF-8"?>
<!-- Generated by org.testng.reporters.JUnitReportReporter -->
<testsuite hostname="RAHUL" failures="0" tests="3" name="testNG3.OnTestFailureWithSuccesPercentageClass" time="0.007" errors="0" timestamp="2024-08-24T08:53:14 IST" skipped="0">
  <testcase classname="testNG3.OnTestFailureWithSuccesPercentageClass" name="sampleTest3" time="0.002"/>
  <testcase classname="testNG3.OnTestFailureWithSuccesPercentageClass" name="sampleTest3" time="0.003"/>
  <testcase classname="testNG3.OnTestFailureWithSuccesPercentageClass" name="sampleTest3" time="0.002"/>
</testsuite> <!-- testNG3.OnTestFailureWithSuccesPercentageClass -->
