<?xml version="1.0" encoding="UTF-8"?>
<!-- Generated by org.testng.reporters.JUnitReportReporter -->
<testsuite hostname="RAHUL" failures="0" tests="5" name="testNG.GroupsClass2" time="0.006" errors="0" timestamp="2024-08-24T00:03:01 IST" skipped="0">
  <testcase classname="testNG.GroupsClass2" name="method6" time="0.002"/>
  <testcase classname="testNG.GroupsClass2" name="method8" time="0.001"/>
  <testcase classname="testNG.GroupsClass2" name="method7" time="0.001"/>
  <testcase classname="testNG.GroupsClass2" name="method5" time="0.001"/>
  <testcase classname="testNG.GroupsClass2" name="method9" time="0.001"/>
</testsuite> <!-- testNG.GroupsClass2 -->
