<?xml version="1.0" encoding="UTF-8"?>
<!-- Generated by org.testng.reporters.JUnitReportReporter -->
<testsuite hostname="RAHUL" failures="0" tests="1" name="seleniumAnalyticalCodes.MakMyTrip" time="15.121" errors="0" timestamp="2024-09-02T11:32:47 IST" skipped="0">
  <testcase classname="seleniumAnalyticalCodes.MakMyTrip" name="testCase1" time="15.121"/>
</testsuite> <!-- seleniumAnalyticalCodes.MakMyTrip -->
