<?xml version="1.0" encoding="UTF-8"?>
<!-- Generated by org.testng.reporters.JUnitReportReporter -->
<testsuite hostname="RAHUL" failures="0" tests="1" name="testNG2.Asfsd" time="5.225" errors="0" timestamp="2024-07-31T15:55:08 IST" skipped="0">
  <testcase classname="testNG2.Asfsd" name="method2" time="5.225"/>
</testsuite> <!-- testNG2.Asfsd -->
