<?xml version="1.0" encoding="UTF-8"?>
<!-- Generated by org.testng.reporters.JUnitReportReporter -->
<testsuite hostname="RAHUL" failures="0" tests="4" name="testNG.TestPriorityClass" time="0.009" errors="0" timestamp="2024-07-30T01:18:20 IST" skipped="0">
  <testcase classname="testNG.TestPriorityClass" name="login" time="0.008"/>
  <testcase classname="testNG.TestPriorityClass" name="createTask" time="0.000"/>
  <testcase classname="testNG.TestPriorityClass" name="verifyTaskCreation" time="0.000"/>
  <testcase classname="testNG.TestPriorityClass" name="logout" time="0.001"/>
</testsuite> <!-- testNG.TestPriorityClass -->
