<?xml version="1.0" encoding="UTF-8"?>
<!-- Generated by org.testng.reporters.JUnitReportReporter -->
<testsuite hostname="RAHUL" failures="0" tests="3" name="testNG.EnableAndDesableTheMethods" time="0.007" errors="0" timestamp="2024-07-30T01:12:07 IST" skipped="2">
  <testcase classname="testNG.EnableAndDesableTheMethods" name="method4" time="0.007"/>
  <testcase classname="testNG.EnableAndDesableTheMethods" name="method3">
    <skipped/>
  </testcase> <!-- method3 -->
  <testcase classname="testNG.EnableAndDesableTheMethods" name="method2">
    <skipped/>
  </testcase> <!-- method2 -->
</testsuite> <!-- testNG.EnableAndDesableTheMethods -->
