<?xml version="1.0" encoding="UTF-8"?>
<!-- Generated by org.testng.reporters.JUnitReportReporter -->
<testsuite hostname="RAHUL" failures="0" tests="1" name="seleniumProject.RefreshPage" time="7.790" errors="0" timestamp="2024-07-06T14:49:07 IST" skipped="0">
  <testcase classname="seleniumProject.RefreshPage" name="refresh" time="7.790"/>
</testsuite> <!-- seleniumProject.RefreshPage -->
