<?xml version="1.0" encoding="UTF-8"?>
<!-- Generated by org.testng.reporters.JUnitReportReporter -->
<testsuite hostname="RAHUL" failures="0" tests="7" name="testNG.DependsOnGroupsClass" time="0.005" errors="0" timestamp="2024-08-24T00:03:01 IST" skipped="0">
  <testcase classname="testNG.DependsOnGroupsClass" name="method11" time="0.001"/>
  <testcase classname="testNG.DependsOnGroupsClass" name="method1" time="0.001"/>
  <testcase classname="testNG.DependsOnGroupsClass" name="method2" time="0.000"/>
  <testcase classname="testNG.DependsOnGroupsClass" name="method12" time="0.001"/>
  <testcase classname="testNG.DependsOnGroupsClass" name="method3" time="0.001"/>
  <testcase classname="testNG.DependsOnGroupsClass" name="method10" time="0.001"/>
  <testcase classname="testNG.DependsOnGroupsClass" name="method4" time="0.000"/>
</testsuite> <!-- testNG.DependsOnGroupsClass -->
