<?xml version="1.0" encoding="UTF-8"?>
<!-- Generated by org.testng.reporters.JUnitReportReporter -->
<testsuite hostname="RAHUL" failures="0" tests="2" name="testNG3.ParametersClass" time="2.794" errors="0" timestamp="2024-08-24T00:49:18 IST" skipped="0">
  <testcase classname="testNG3.ParametersClass" name="testCase1" time="1.804"/>
  <testcase classname="testNG3.ParametersClass" name="testCase1" time="0.990"/>
</testsuite> <!-- testNG3.ParametersClass -->
