<?xml version="1.0" encoding="UTF-8"?>
<!-- Generated by org.testng.reporters.JUnitReportReporter -->
<testsuite hostname="RAHUL" failures="0" tests="1" name="seleniumProject.Assertionss" time="3.928" errors="0" timestamp="2024-09-15T15:01:36 IST" skipped="0">
  <testcase classname="seleniumProject.Assertionss" name="m1" time="3.928"/>
</testsuite> <!-- seleniumProject.Assertionss -->
