<?xml version="1.0" encoding="UTF-8"?>
<!-- Generated by org.testng.reporters.JUnitReportReporter -->
<testsuite hostname="RAHUL" failures="0" tests="1" name="seleniumProject.BrokenLinks" time="142.200" errors="0" timestamp="2024-09-21T19:20:49 IST" skipped="0">
  <testcase classname="seleniumProject.BrokenLinks" name="brokenLink" time="142.200"/>
</testsuite> <!-- seleniumProject.BrokenLinks -->
