<?xml version="1.0" encoding="UTF-8"?>
<!-- Generated by org.testng.reporters.JUnitReportReporter -->
<testsuite hostname="RAHUL" failures="0" tests="1" name="seleniumProject.ScreenShots" time="5.728" errors="0" timestamp="2024-07-05T13:58:47 IST" skipped="0">
  <testcase classname="seleniumProject.ScreenShots" name="screenShots" time="5.728"/>
</testsuite> <!-- seleniumProject.ScreenShots -->
