<?xml version="1.0" encoding="UTF-8"?>
<!-- Generated by org.testng.reporters.JUnitReportReporter -->
<testsuite hostname="RAHUL" failures="0" tests="8" name="testNG.ParallelExecutionClass1" time="40.105" errors="0" timestamp="2024-07-30T10:33:41 IST" skipped="0">
  <testcase classname="testNG.ParallelExecutionClass1" name="method1" time="4.061"/>
  <testcase classname="testNG.ParallelExecutionClass1" name="method1" time="8.062"/>
  <testcase classname="testNG.ParallelExecutionClass1" name="method1" time="7.821"/>
  <testcase classname="testNG.ParallelExecutionClass1" name="method1" time="4.318"/>
  <testcase classname="testNG.ParallelExecutionClass1" name="method1" time="3.932"/>
  <testcase classname="testNG.ParallelExecutionClass1" name="method1" time="3.878"/>
  <testcase classname="testNG.ParallelExecutionClass1" name="method1" time="4.222"/>
  <testcase classname="testNG.ParallelExecutionClass1" name="method1" time="3.811"/>
</testsuite> <!-- testNG.ParallelExecutionClass1 -->
