<?xml version="1.0" encoding="UTF-8"?>
<!-- Generated by org.testng.reporters.JUnitReportReporter -->
<testsuite hostname="RAHUL" failures="0" tests="1" name="seleniumAnalyticalCodes.WriteDataIntoExcelFile" time="0.622" errors="0" timestamp="2024-09-23T13:45:54 IST" skipped="0">
  <testcase classname="seleniumAnalyticalCodes.WriteDataIntoExcelFile" name="writeIntoExistingFile" time="0.622"/>
  <system-out/>
</testsuite> <!-- seleniumAnalyticalCodes.WriteDataIntoExcelFile -->
