<?xml version="1.0" encoding="UTF-8"?>
<!-- Generated by org.testng.reporters.JUnitReportReporter -->
<testsuite hostname="RAHUL" failures="0" tests="1" name="seleniumAnalyticalCodes.ValidatingColor" time="2.280" errors="0" timestamp="2024-09-23T09:51:39 IST" skipped="0">
  <testcase classname="seleniumAnalyticalCodes.ValidatingColor" name="elementColor" time="2.280"/>
  <system-out/>
</testsuite> <!-- seleniumAnalyticalCodes.ValidatingColor -->
