<?xml version="1.0" encoding="UTF-8"?>
<!-- Generated by org.testng.reporters.JUnitReportReporter -->
<testsuite hostname="RAHUL" failures="0" tests="1" name="seleniumAnalyticalCodes.TimeCalculationForWait" time="13.243" errors="0" timestamp="2024-09-22T13:33:35 IST" skipped="0">
  <testcase classname="seleniumAnalyticalCodes.TimeCalculationForWait" name="m1" time="13.243"/>
</testsuite> <!-- seleniumAnalyticalCodes.TimeCalculationForWait -->
