<?xml version="1.0" encoding="UTF-8"?>
<!-- Generated by org.testng.reporters.JUnitReportReporter -->
<testsuite hostname="RAHUL" failures="0" tests="1" name="seleniumProject.IncogniotoLaunch" time="2.949" errors="0" timestamp="2024-09-21T16:21:15 IST" skipped="0">
  <testcase classname="seleniumProject.IncogniotoLaunch" name="edgeIncognito" time="2.949"/>
</testsuite> <!-- seleniumProject.IncogniotoLaunch -->
