<?xml version="1.0" encoding="UTF-8"?>
<!-- Generated by org.testng.reporters.JUnitReportReporter -->
<testsuite hostname="RAHUL" failures="0" tests="3" name="testNG.Dependency1" time="0.017" errors="0" timestamp="2024-07-30T02:19:24 IST" skipped="0">
  <testcase classname="testNG.Dependency1" name="createTask" time="0.013"/>
  <testcase classname="testNG.Dependency1" name="verifyTaskCreation" time="0.002"/>
  <testcase classname="testNG.Dependency1" name="logout" time="0.002"/>
</testsuite> <!-- testNG.Dependency1 -->
