<?xml version="1.0" encoding="UTF-8"?>
<!-- Generated by org.testng.reporters.JUnitReportReporter -->
<testsuite hostname="RAHUL" failures="0" tests="1" name="seleniumProject.WithoutSendKeys" time="5.059" errors="0" timestamp="2024-07-02T12:04:13 IST" skipped="0">
  <testcase classname="seleniumProject.WithoutSendKeys" name="m1" time="5.059"/>
</testsuite> <!-- seleniumProject.WithoutSendKeys -->
