<?xml version="1.0" encoding="UTF-8"?>
<!-- Generated by org.testng.reporters.JUnitReportReporter -->
<testsuite hostname="RAHUL" failures="0" tests="5" name="testNG.GroupsOfGroups" time="0.012" errors="0" timestamp="2024-08-24T00:03:01 IST" skipped="0">
  <testcase classname="testNG.GroupsOfGroups" name="method2" time="0.001"/>
  <testcase classname="testNG.GroupsOfGroups" name="method3" time="0.001"/>
  <testcase classname="testNG.GroupsOfGroups" name="method4" time="0.001"/>
  <testcase classname="testNG.GroupsOfGroups" name="method1" time="0.008"/>
  <testcase classname="testNG.GroupsOfGroups" name="method10" time="0.001"/>
</testsuite> <!-- testNG.GroupsOfGroups -->
