<?xml version="1.0" encoding="UTF-8"?>
<!-- Generated by org.testng.reporters.JUnitReportReporter -->
<testsuite hostname="RAHUL" failures="0" tests="1" name="seleniumAnalyticalCodes.Test123" time="30.172" errors="0" timestamp="2024-09-23T15:20:23 IST" skipped="0">
  <testcase classname="seleniumAnalyticalCodes.Test123" name="m1" time="30.172"/>
  <system-out/>
</testsuite> <!-- seleniumAnalyticalCodes.Test123 -->
