<?xml version="1.0" encoding="UTF-8"?>
<!-- Generated by org.testng.reporters.JUnitReportReporter -->
<testsuite hostname="RAHUL" failures="0" tests="1" name="seleniumAnalyticalCodes.ParagraphComparison" time="0.013" errors="0" timestamp="2024-07-31T10:13:57 IST" skipped="0">
  <testcase classname="seleniumAnalyticalCodes.ParagraphComparison" name="method1" time="0.013"/>
</testsuite> <!-- seleniumAnalyticalCodes.ParagraphComparison -->
