<?xml version="1.0" encoding="UTF-8"?>
<!-- Generated by org.testng.reporters.JUnitReportReporter -->
<testsuite hostname="RAHUL" failures="0" tests="4" name="seleniumProject.WebSiteVerification" time="0.011" errors="0" timestamp="2024-07-09T12:58:53 IST" skipped="0">
  <testcase classname="seleniumProject.WebSiteVerification" name="launchURL" time="0.009"/>
  <testcase classname="seleniumProject.WebSiteVerification" name="loginVerify" time="0.001"/>
  <testcase classname="seleniumProject.WebSiteVerification" name="logout" time="0.001"/>
  <testcase classname="seleniumProject.WebSiteVerification" name="login" time="0.000"/>
</testsuite> <!-- seleniumProject.WebSiteVerification -->
