<?xml version="1.0" encoding="UTF-8"?>
<!-- Generated by org.testng.reporters.JUnitReportReporter -->
<testsuite hostname="RAHUL" failures="0" tests="6" name="testNG.TestNgAnotionsOrderOfExecution" time="0.031" errors="0" timestamp="2024-07-30T14:41:37 IST" skipped="0">
  <testcase classname="testNG.TestNgAnotionsOrderOfExecution" name="method1" time="0.011"/>
  <testcase classname="testNG.TestNgAnotionsOrderOfExecution" name="method2" time="0.003"/>
  <testcase classname="testNG.TestNgAnotionsOrderOfExecution" name="method5" time="0.008"/>
  <testcase classname="testNG.TestNgAnotionsOrderOfExecution" name="method6" time="0.002"/>
  <testcase classname="testNG.TestNgAnotionsOrderOfExecution" name="method3" time="0.005"/>
  <testcase classname="testNG.TestNgAnotionsOrderOfExecution" name="method4" time="0.002"/>
</testsuite> <!-- testNG.TestNgAnotionsOrderOfExecution -->
