<?xml version="1.0" encoding="UTF-8"?>
<!-- Generated by org.testng.reporters.JUnitReportReporter -->
<testsuite hostname="RAHUL" failures="0" tests="1" name="seleniumAnalyticalCodes.PrintExcelValue" time="0.797" errors="0" timestamp="2024-09-23T15:16:04 IST" skipped="0">
  <testcase classname="seleniumAnalyticalCodes.PrintExcelValue" name="m1" time="0.797"/>
  <system-out/>
</testsuite> <!-- seleniumAnalyticalCodes.PrintExcelValue -->
