<?xml version="1.0" encoding="UTF-8"?>
<!-- Generated by org.testng.reporters.JUnitReportReporter -->
<testsuite hostname="RAHUL" failures="0" tests="2" name="testNG.HardAssertion" time="10.403" errors="0" timestamp="2024-07-29T23:44:28 IST" skipped="0">
  <testcase classname="testNG.HardAssertion" name="method1" time="4.328"/>
  <testcase classname="testNG.HardAssertion" name="method1" time="6.075"/>
</testsuite> <!-- testNG.HardAssertion -->
