<?xml version="1.0" encoding="UTF-8"?>
<!-- Generated by org.testng.reporters.JUnitReportReporter -->
<testsuite hostname="RAHUL" failures="0" tests="1" name="seleniumProject.ResizeTheWindow" time="8.681" errors="0" timestamp="2024-07-06T14:03:19 IST" skipped="0">
  <testcase classname="seleniumProject.ResizeTheWindow" name="resizeWindow" time="8.681"/>
</testsuite> <!-- seleniumProject.ResizeTheWindow -->
