<?xml version="1.0" encoding="UTF-8"?>
<!-- Generated by org.testng.reporters.JUnitReportReporter -->
<testsuite hostname="RAHUL" failures="0" tests="1" name="testNG.ReadAndWriteFromExcel" time="11.406" errors="0" timestamp="2024-07-30T21:45:54 IST" skipped="0">
  <testcase classname="testNG.ReadAndWriteFromExcel" name="method1" time="11.406"/>
</testsuite> <!-- testNG.ReadAndWriteFromExcel -->
