<?xml version="1.0" encoding="UTF-8"?>
<!-- Generated by org.testng.reporters.JUnitReportReporter -->
<testsuite hostname="RAHUL" failures="0" tests="3" name="seleniumProject.WebSiteVerification3" time="0.004" errors="0" timestamp="2024-07-09T12:58:53 IST" skipped="0">
  <testcase classname="seleniumProject.WebSiteVerification3" name="launchURL" time="0.002"/>
  <testcase classname="seleniumProject.WebSiteVerification3" name="login" time="0.000"/>
  <testcase classname="seleniumProject.WebSiteVerification3" name="logout" time="0.002"/>
</testsuite> <!-- seleniumProject.WebSiteVerification3 -->
